<?xml version="1.0" encoding="UTF-8"?>
<!-- Generated by org.testng.reporters.JUnitReportReporter -->
<testsuite hostname="DESKTOP-ASH3FGS" failures="0" tests="1" name="com.automation_projection_git_practice.testcases.LoginPageTC" time="2.105" errors="0" timestamp="2025-01-25T13:53:54 IST" skipped="0">
  <testcase classname="com.automation_projection_git_practice.testcases.LoginPageTC" name="verifyLoginFunctionality" time="2.105"/>
  <system-out/>
</testsuite> <!-- com.automation_projection_git_practice.testcases.LoginPageTC -->
