<?xml version="1.0" encoding="UTF-8"?>
<!-- Generated by org.testng.reporters.JUnitReportReporter -->
<testsuite hostname="DESKTOP-ASH3FGS" failures="0" tests="1" name="com.automation_projection_git_practice.testcases.LoginPageTC" time="4.014" errors="0" timestamp="2025-02-01T23:38:14 IST" skipped="0">
  <testcase classname="com.automation_projection_git_practice.testcases.LoginPageTC" name="verifyLoginFunctionality" time="4.014"/>
  <system-out/>
</testsuite> <!-- com.automation_projection_git_practice.testcases.LoginPageTC -->
